Log file open, 07/23/14 14:06:07
LogInit:Display: Running engine for game: UE4_Files
LogInit: Version: 4.3.0-2215663+++depot+UE4-Releases+4.3
LogInit: API Version: 2215663
LogInit: Compiled (64-bit): Jul 14 2014 22:23:33
LogInit: Build Configuration: Development
LogInit: Branch Name: ++depot+UE4-Releases+4.3
LogInit: Command line: 
LogInit: Base directory: C:/Program Files/Unreal Engine/4.3/Engine/Binaries/Win64/
LogInit: Rocket: 1
[2014.07.23-19.06.07:188][  0]LogTaskGraph: Started task graph with 3 named threads and 4 total threads.
[2014.07.23-19.06.07:220][  0]LogOnline:Warning: No default platform service specified for OnlineSubsystem
[2014.07.23-19.06.07:257][  0]LogInit: Presizing for 0 objects not considered by GC, pre-allocating 0 bytes.
[2014.07.23-19.06.07:264][  0]LogInit: Object subsystem initialized
[2014.07.23-19.06.07:266][  0]LogInit: Selected Device Profile: [Windows]
[2014.07.23-19.06.07:266][  0]LogInit: Applying CVar settings loaded from the selected device profile: [Windows]
[2014.07.23-19.06.07:272][  0]LogInit: Computer: RECORDING_07
[2014.07.23-19.06.07:272][  0]LogInit: User: josh
[2014.07.23-19.06.07:273][  0]LogInit: CPU Page size=4096, Cores=4
[2014.07.23-19.06.07:273][  0]LogInit: High frequency timer resolution =3.293564 MHz
[2014.07.23-19.06.07:273][  0]LogMemory: Memory total: Physical=12.0GB (12GB approx) Virtual=8192.0GB
[2014.07.23-19.06.07:273][  0]LogMemory: Platform Memory Stats for Windows
[2014.07.23-19.06.07:273][  0]LogMemory: Process Physical Memory: 59.72 MB used, 59.72 MB peak
[2014.07.23-19.06.07:273][  0]LogMemory: Process Virtual Memory: 37.52 MB used, 37.52 MB peak
[2014.07.23-19.06.07:273][  0]LogMemory: Physical Memory: 4249.36 MB used, 12278.89 MB total
[2014.07.23-19.06.07:273][  0]LogMemory: Virtual Memory: 243.93 MB used, 8388608.00 MB total
[2014.07.23-19.06.07:346][  0]LogD3D11RHI: Found D3D11 adapter 0: NVIDIA GeForce GTX 460  (Feature Level 11_0)
[2014.07.23-19.06.07:346][  0]LogD3D11RHI: Adapter has 978MB of dedicated video memory, 0MB of dedicated system memory, and 3071MB of shared system memory, 2 output[s]
[2014.07.23-19.06.07:346][  0]LogD3D11RHI: Chosen D3D11 Adapter Id = 0
[2014.07.23-19.06.07:352][  0]LogRHI: Texture pool is 684 MB (70% of 978 MB)
[2014.07.23-19.06.07:358][  0]LogD3D11RHI: Async texture creation enabled
[2014.07.23-19.06.07:579][  0]LogContentStreaming: Texture pool size is 0.000000MB
[2014.07.23-19.06.08:579][  0]LogTargetPlatformManager:Display: Building Assets For Windows
[2014.07.23-19.06.08:863][  0]LogTargetPlatformManager:Display: Building Assets For Windows
[2014.07.23-19.06.08:925][  0]LogDerivedDataCache:Display: Max Cache Size: 512 MB
[2014.07.23-19.06.08:969][  0]LogDerivedDataCache: Loaded boot cache 0.04s 39MB C:/Users/josh/AppData/Local/UnrealEngine/4.3/DerivedDataCache/Boot.ddc.
[2014.07.23-19.06.08:969][  0]LogDerivedDataCache:Display: Loaded Boot cache: C:/Users/josh/AppData/Local/UnrealEngine/4.3/DerivedDataCache/Boot.ddc
[2014.07.23-19.06.08:970][  0]LogDerivedDataCache: FDerivedDataBackendGraph:  Pak pak cache file ../../../../../../---_Quick Start to Unreal Engine 4_Volume 1/project_files/UE4_Files/DerivedDataCache/DDC.ddp not found, will not use a pak cache.
[2014.07.23-19.06.08:970][  0]LogDerivedDataCache: Unable to find inner node Pak for hierarchical cache Hierarchy.
[2014.07.23-19.06.08:985][  0]LogDerivedDataCache:Display: Pak cache opened for reading ../../../Engine/DerivedDataCache/DDC.ddp.
[2014.07.23-19.06.08:997][  0]LogDerivedDataCache: Using Local data cache path C:/Users/josh/AppData/Local/UnrealEngine/4.3/DerivedDataCache: Writable
[2014.07.23-19.06.09:186][  0]LogMeshUtilities: No automatic mesh reduction module available
[2014.07.23-19.06.09:186][  0]LogMeshUtilities: No automatic mesh merging module available
[2014.07.23-19.06.09:566][  0]LogInit: WinSock: version 1.1 (2.2), MaxSocks=32767, MaxUdp=65467
[2014.07.23-19.06.10:468][  0]LogLinker:Warning: Asset '../../../Engine/Plugins/Experimental/Paper2D/Content/DefaultPaperTerrainMaterial.uasset' has been saved with empty engine version. The asset will be loaded but may be incompatible.
[2014.07.23-19.06.10:469][  0]LogLinker:Warning: Asset '../../../Engine/Plugins/Experimental/Paper2D/Content/DummySprite.uasset' has been saved with empty engine version. The asset will be loaded but may be incompatible.
[2014.07.23-19.06.10:519][  0]UdpMessaging: Initializing bridge on interface 0.0.0.0:0 to multicast group 230.0.0.1:6666.
[2014.07.23-19.06.10:661][  0]SourceControl: Info Source control is disabled
[2014.07.23-19.06.10:661][  0]SourceControl: Info Source control is disabled
[2014.07.23-19.06.10:670][  0]SourceControl: Info Source control is disabled
[2014.07.23-19.06.10:995][  0]BlueprintLog: New page: Editor Load
[2014.07.23-19.06.11:150][  0]LogObj: 20191 objects as part of root set at end of initial load.
[2014.07.23-19.06.11:150][  0]LogUObjectAllocator: 3997432 out of 0 bytes used by permanent object pool.
[2014.07.23-19.06.11:290][  0]LogEngine: Initializing Engine...
[2014.07.23-19.06.11:399][  0]LogInit: XAudio2 using 'Speakers (2- Realtek High Definition Audio)' : 2 channels at 48 kHz using 32 bits per sample (channel mask 0x3)
[2014.07.23-19.06.11:408][  0]LogInit: FAudioDevice initialized.
[2014.07.23-19.06.11:432][  0]LogAIModule: Creating AISystem for world NewWorld
[2014.07.23-19.06.11:453][  0]LogDerivedDataCache: Saved boot cache 0.02s 39MB C:/Users/josh/AppData/Local/UnrealEngine/4.3/DerivedDataCache/Boot.ddc.
[2014.07.23-19.06.11:458][  0]LogInit: Texture streaming: Enabled
[2014.07.23-19.06.11:519][  0]LogInit: Transaction tracking system initialized
[2014.07.23-19.06.11:746][  0]LogAssetRegistry: FAssetRegistry took 0.0103 seconds to start up
[2014.07.23-19.06.12:159][  0]LogTargetPlatformManager:Display: Building Assets For Windows
[2014.07.23-19.06.12:224][  0]LogTargetPlatformManager:Display: Building Assets For Windows
[2014.07.23-19.06.12:480][  0]LogConsoleResponse:Display: 
[2014.07.23-19.06.12:719][  0]SourceControl: Info Source control is disabled
[2014.07.23-19.06.12:719][  0]Cmd: MAP LOAD FILE="../../../Engine/Content/Maps/Templates/Template_Default.umap" TEMPLATE=1 SHOWPROGRESS=1
[2014.07.23-19.06.12:720][  0]LightingResults: New page: Lighting Build
[2014.07.23-19.06.12:731][  0]MapCheck: New page: Map Check
[2014.07.23-19.06.12:731][  0]LightingResults: New page: Lighting Build
[2014.07.23-19.06.12:743][  0]LogParticles: Destroying 0 GPU particle simulations for FXSystem 0x00000000145DE980
[2014.07.23-19.06.12:903][  0]LogEditorServer: Finished looking for orphan Actors (0.000 secs)
[2014.07.23-19.06.12:903][  0]LogAIModule: Creating AISystem for world Template_Default
[2014.07.23-19.06.12:903][  0]Cmd: MAP CHECKDEP
[2014.07.23-19.06.12:903][  0]MapCheck: New page: Untitled_1 - Jul 23, 2014, 9:06:12 AM
[2014.07.23-19.06.12:965][  0]MapCheck: Info ========== Map Check: 0 Error(s), 0 Warning(s), [61.481ms] ==========
[2014.07.23-19.06.12:965][  0]LogFileHelpers: Loading map 'Template_Default' took 0.245
[2014.07.23-19.06.13:113][  0]LogCollectionManager: Loaded 0 collections in 0.001446 seconds
[2014.07.23-19.06.13:275][  0]LogCrashTracker: Crashtracker disabled due to settings.
[2014.07.23-19.06.13:324][  0]LogLoad: Full Startup: 7.38 seconds (BP compile: 0.05 seconds)
[2014.07.23-19.06.13:369][  0]LogSlate: SRTH: 0000000015C53DC0, 992 x 861
[2014.07.23-19.06.13:478][  0]LogRenderer:Warning: Reallocating scene render targets to support 992x864.
[2014.07.23-19.06.13:842][  1]LogEpicStorage:Warning: EnumerateFiles request failed. Invalid response. code=403 error=<?xml version="1.0" encoding="UTF-8"?>
<Error><Code>AccessDenied</Code><Message>Access Denied</Message><RequestId>53BE38E14A152ED5</RequestId><HostId>P1rOr+CIPvNCCFO4WUCWzyCycT8YOHxTclY9OM5duM/xLBmgOz2xeOzJ7XKGVMJX</HostId></Error>
[2014.07.23-19.06.13:880][  2]LogEpicSurvey:Warning: EnumerateFiles request failed. Invalid response. code=403 error=<?xml version="1.0" encoding="UTF-8"?>
<Error><Code>AccessDenied</Code><Message>Access Denied</Message><RequestId>D81E64FDB67CBE24</RequestId><HostId>mVWcCgZAxXs4wJ3LXeMB3qVVZBLzogaqUxXYsv7/nqgsozF+TjddLp/1kxgVoo4w</HostId></Error>
[2014.07.23-19.06.13:920][  3]LogEpicStorage:Warning: EnumerateFiles request failed. Invalid response. code=403 error=<?xml version="1.0" encoding="UTF-8"?>
<Error><Code>AccessDenied</Code><Message>Access Denied</Message><RequestId>936374037748826C</RequestId><HostId>5zeLwMi/J7fgekbs2oh1z/SsJb3/EpWJxuXBXRo0L1RTWNj5suenUTO3cSnvsif+</HostId></Error>
[2014.07.23-19.06.13:953][  4]LogEpicSurvey:Warning: EnumerateFiles request failed. Invalid response. code=403 error=<?xml version="1.0" encoding="UTF-8"?>
<Error><Code>AccessDenied</Code><Message>Access Denied</Message><RequestId>FA0ABB4ECF20ED7C</RequestId><HostId>KpVy0iwxXsET1Z+U9mW4FUvTCRuL9zjOs1qDodTxmHl3x985K32T29i6BQPXk+Zo</HostId></Error>
[2014.07.23-19.06.14:001][  6]LogEpicSurvey:Warning: EnumerateFiles request failed. Invalid response. code=403 error=<?xml version="1.0" encoding="UTF-8"?>
<Error><Code>AccessDenied</Code><Message>Access Denied</Message><RequestId>2603FCCAD388B99A</RequestId><HostId>t1jD2JR4g8SviRHutjnFYwmkuUsi77DOXj1l4mwKCLz9lzxtzFLA8rOVRCaYYGRU</HostId></Error>
[2014.07.23-19.06.14:032][  7]LogEpicStorage:Warning: ReadFile request failed. File request already pending for filename=http://cdn.unrealengine.com/newsfeed/blueprint_icon_b.png
[2014.07.23-19.06.14:033][  7]LogEpicStorage:Warning: ReadFile request failed. File request already pending for filename=http://cdn.unrealengine.com/newsfeed/blueprint_icon_b.png
[2014.07.23-19.06.17:081][127]LogSlate: SRTH: 000000002087EB00, 752 x 565, prev 0000000000000000
[2014.07.23-19.06.22:376][223]LogAssetRegistry: Asset discovery search completed in 10.6413 seconds
[2014.07.23-19.07.38:676][376]LogSavePackage: Save=33.692074ms
[2014.07.23-19.07.38:676][376]LogSavePackage: Moving '../../../../../../---_Quick Start to Unreal Engine 4_Volume 1/project_files/UE4_Files/Saved/02_Begin6615E54F4F0F971FB47892BF0050EDD2.tmp' to '../../../../../../---_Quick Start to Unreal Engine 4_Volume 1/project_files/UE4_Files/Content/Maps/02_Begin.umap'
[2014.07.23-19.07.38:690][376]LogFileHelpers: Saving map '02_Begin' took 0.813
[2014.07.23-19.08.30:175][930]LogSlate: SRTH: 00000000104A6EC0, 750 x 558, prev 0000000000000000
[2014.07.23-19.08.35:710][ 42]LogSlate: SRTH: 000000000CA9AE00, 747 x 559, prev 0000000000000000
[2014.07.23-19.09.31:685][418]LogTexture:Display: Building textures: Texture2D_2 (G8)
[2014.07.23-19.09.37:566][987]LogActorComponent: UnregisterComponent: (/Engine/Transient.StaticMeshComponent_0) Not registered. Aborting.
[2014.07.23-19.09.56:019][640]Cmd: BRUSH ADD SELECTNEWBRUSH
[2014.07.23-19.09.56:093][640]LogInstancedFoliage: Map Rebuilt - Update all BSP painted foliage!
[2014.07.23-19.10.01:722][228]LogInstancedFoliage: Map Rebuilt - Update all BSP painted foliage!
[2014.07.23-19.10.05:090][579]Cmd: DELETE
[2014.07.23-19.10.05:090][579]Cmd: ACTOR DELETE
[2014.07.23-19.10.05:095][579]LogEditorActor: Deleted Actor: Brush
[2014.07.23-19.10.05:113][579]LogEditorActor: Deleted 1 Actors (0.018 secs)
[2014.07.23-19.10.05:113][579]LogInstancedFoliage: Map Rebuilt - Update all BSP painted foliage!
[2014.07.23-19.16.29:896][642]LogEditorViewport: Clicking on Actor (LMB): PlayerStart (Player Start)
[2014.07.23-19.16.33:421][ 19]Cmd: CAMERA ALIGN ACTIVEVIEWPORTONLY
[2014.07.23-19.16.33:421][ 19]Aligned camera to fit all selected actors.
[2014.07.23-19.17.17:186][459]LogSavePackage: Save=21.637655ms
[2014.07.23-19.17.17:186][459]LogSavePackage: Moving '../../../../../../---_Quick Start to Unreal Engine 4_Volume 1/project_files/UE4_Files/Saved/02_Begin_Auto1DDAF024E43E1D91BDA63179959AA4002.tmp' to '../../../../../../---_Quick Start to Unreal Engine 4_Volume 1/project_files/UE4_Files/Saved/Autosaves/Game/Maps/02_Begin_Auto1.umap'
[2014.07.23-19.17.17:193][459]LogFileHelpers: Editor autosave (incl. sublevels) for '/Game/Maps/02_Begin' took 0.058
[2014.07.23-19.17.17:193][459]LogFileHelpers: Editor autosave (incl. sublevels) for all levels took 0.058
[2014.07.23-19.21.13:589][437]LogEpicStorage:Warning: ReadFile request failed. File request already pending for filename=http://cdn.unrealengine.com/newsfeed/blueprint_icon_b.png
[2014.07.23-19.21.13:590][437]LogEpicStorage:Warning: ReadFile request failed. File request already pending for filename=http://cdn.unrealengine.com/newsfeed/blueprint_icon_b.png
[2014.07.23-19.25.48:229][691]LogSavePackage: Save=25.049765ms
[2014.07.23-19.25.48:229][691]LogSavePackage: Moving '../../../../../../---_Quick Start to Unreal Engine 4_Volume 1/project_files/UE4_Files/Saved/03_BeginEDE1F1EF4F1AC6D9A23B84BB35556C41.tmp' to '../../../../../../---_Quick Start to Unreal Engine 4_Volume 1/project_files/UE4_Files/Content/Maps/03_Begin.umap'
[2014.07.23-19.25.48:246][691]LogFileHelpers: Saving map '03_Begin' took 0.182
[2014.07.23-19.25.54:254][833]LogSavePackage: Save=23.778496ms
[2014.07.23-19.25.54:254][833]LogSavePackage: Moving '../../../../../../---_Quick Start to Unreal Engine 4_Volume 1/project_files/UE4_Files/Saved/04_BeginC982649C4DC6107229DE9B87D13B44B2.tmp' to '../../../../../../---_Quick Start to Unreal Engine 4_Volume 1/project_files/UE4_Files/Content/Maps/04_Begin.umap'
[2014.07.23-19.25.54:268][833]LogFileHelpers: Saving map '04_Begin' took 0.170
[2014.07.23-19.28.04:534][648]LogUProjectInfo: Found projects:
[2014.07.23-19.28.04:547][648]LogJson:Warning: Field EngineVersion was not found.
[2014.07.23-19.28.04:547][648]LogJson:Error: Json Value of type 'Null' used as a 'String'.
[2014.07.23-19.28.04:551][648]LogJson:Warning: Field EngineVersion was not found.
[2014.07.23-19.28.04:551][648]LogJson:Error: Json Value of type 'Null' used as a 'String'.
[2014.07.23-19.29.16:582][976]Cmd: QUIT_EDITOR
[2014.07.23-19.29.16:635][976]LogWindowsTextInputMethodSystem:Error: Terminating failed while unadvising the language notification sink from the TSF source.
[2014.07.23-19.29.16:636][976]LogExit: Preparing to exit.
[2014.07.23-19.29.16:858][976]LogExit: Editor shut down
[2014.07.23-19.29.16:859][976]LogExit: Transaction tracking system shut down
[2014.07.23-19.29.16:859][976]LogParticles: Destroying 0 GPU particle simulations for FXSystem 0x000000001C190360
[2014.07.23-19.29.16:859][976]LogParticles: Destroying 0 GPU particle simulations for FXSystem 0x000000001C193100
[2014.07.23-19.29.16:859][976]LogParticles: Destroying 0 GPU particle simulations for FXSystem 0x000000001C356660
[2014.07.23-19.29.16:880][976]LogParticles: Destroying 0 GPU particle simulations for FXSystem 0x0000000008DFF740
[2014.07.23-19.29.16:880][976]LogExit: Object subsystem successfully closed.
[2014.07.23-19.29.16:943][976]LogModuleManager: Shutting down and abandoning module AndroidDeviceDetection (172)
[2014.07.23-19.29.16:943][976]LogModuleManager: Shutting down and abandoning module GameLiveStreaming (171)
[2014.07.23-19.29.16:943][976]LogModuleManager: Shutting down and abandoning module CrashTracker (170)
[2014.07.23-19.29.16:943][976]LogModuleManager: Shutting down and abandoning module HTTP (169)
[2014.07.23-19.29.16:943][976]LogModuleManager: Shutting down and abandoning module NewsFeed (168)
[2014.07.23-19.29.16:943][976]LogModuleManager: Shutting down and abandoning module SceneOutliner (167)
[2014.07.23-19.29.16:943][976]LogModuleManager: Shutting down and abandoning module EditorWidgets (166)
[2014.07.23-19.29.16:943][976]LogModuleManager: Shutting down and abandoning module CollectionManager (165)
[2014.07.23-19.29.16:943][976]LogModuleManager: Shutting down and abandoning module StatsViewer (164)
[2014.07.23-19.29.16:943][976]LogModuleManager: Shutting down and abandoning module FoliageEdit (163)
[2014.07.23-19.29.16:943][976]LogModuleManager: Shutting down and abandoning module LandscapeEditor (162)
[2014.07.23-19.29.16:943][976]LogModuleManager: Shutting down and abandoning module MeshPaint (161)
[2014.07.23-19.29.16:943][976]LogModuleManager: Shutting down and abandoning module ActorPickerMode (160)
[2014.07.23-19.29.16:943][976]LogModuleManager: Shutting down and abandoning module GeometryMode (159)
[2014.07.23-19.29.16:943][976]LogModuleManager: Shutting down and abandoning module TextureAlignMode (158)
[2014.07.23-19.29.16:943][976]LogModuleManager: Shutting down and abandoning module BspMode (157)
[2014.07.23-19.29.16:943][976]LogModuleManager: Shutting down and abandoning module PlacementMode (156)
[2014.07.23-19.29.16:943][976]LogModuleManager: Shutting down and abandoning module DesktopPlatform (155)
[2014.07.23-19.29.16:943][976]LogModuleManager: Shutting down and abandoning module AutomationWorker (154)
[2014.07.23-19.29.16:943][976]LogModuleManager: Shutting down and abandoning module EditorLiveStreaming (153)
[2014.07.23-19.29.16:944][976]LogModuleManager: Shutting down and abandoning module DeviceProfileEditor (152)
[2014.07.23-19.29.16:944][976]LogModuleManager: Shutting down and abandoning module UndoHistory (151)
[2014.07.23-19.29.16:944][976]LogModuleManager: Shutting down and abandoning module GameplayTagsEditor (150)
[2014.07.23-19.29.16:944][976]LogModuleManager: Shutting down and abandoning module UserFeedback (149)
[2014.07.23-19.29.16:944][976]LogModuleManager: Shutting down and abandoning module XmlParser (148)
[2014.07.23-19.29.16:944][976]LogModuleManager: Shutting down and abandoning module Blutility (147)
[2014.07.23-19.29.16:944][976]LogModuleManager: Shutting down and abandoning module IOSPlatformEditor (146)
[2014.07.23-19.29.16:944][976]LogModuleManager: Shutting down and abandoning module IOSRuntimeSettings (145)
[2014.07.23-19.29.16:944][976]LogModuleManager: Shutting down and abandoning module AndroidPlatformEditor (144)
[2014.07.23-19.29.16:944][976]LogModuleManager: Shutting down and abandoning module AndroidRuntimeSettings (143)
[2014.07.23-19.29.16:944][976]LogModuleManager: Shutting down and abandoning module ProjectTargetPlatformEditor (142)
[2014.07.23-19.29.16:944][976]LogModuleManager: Shutting down and abandoning module ProjectSettingsViewer (141)
[2014.07.23-19.29.16:944][976]LogModuleManager: Shutting down and abandoning module InputBindingEditor (140)
[2014.07.23-19.29.16:944][976]LogModuleManager: Shutting down and abandoning module EditorSettingsViewer (139)
[2014.07.23-19.29.16:944][976]LogModuleManager: Shutting down and abandoning module SettingsEditor (138)
[2014.07.23-19.29.16:944][976]LogModuleManager: Shutting down and abandoning module SessionLauncher (137)
[2014.07.23-19.29.16:944][976]LogModuleManager: Shutting down and abandoning module SessionFrontend (136)
[2014.07.23-19.29.16:944][976]LogModuleManager: Shutting down and abandoning module ProfilerClient (135)
[2014.07.23-19.29.16:944][976]LogModuleManager: Shutting down and abandoning module TargetDeviceServices (134)
[2014.07.23-19.29.16:944][976]LogModuleManager: Shutting down and abandoning module DeviceManager (133)
[2014.07.23-19.29.16:944][976]LogModuleManager: Shutting down and abandoning module AutomationController (132)
[2014.07.23-19.29.16:944][976]LogModuleManager: Shutting down and abandoning module AutomationWindow (131)
[2014.07.23-19.29.16:944][976]LogModuleManager: Shutting down and abandoning module Layers (130)
[2014.07.23-19.29.16:944][976]LogModuleManager: Shutting down and abandoning module ComponentVisualizers (129)
[2014.07.23-19.29.16:944][976]LogModuleManager: Shutting down and abandoning module DetailCustomizations (128)
[2014.07.23-19.29.16:944][976]LogModuleManager: Shutting down and abandoning module PackagesDialog (127)
[2014.07.23-19.29.16:944][976]LogModuleManager: Shutting down and abandoning module DirectoryWatcher (126)
[2014.07.23-19.29.16:944][976]LogModuleManager: Shutting down and abandoning module AssetRegistry (125)
[2014.07.23-19.29.17:048][976]LogModuleManager: Shutting down and abandoning module Persona (124)
[2014.07.23-19.29.17:048][976]LogModuleManager: Shutting down and abandoning module GraphEditor (123)
[2014.07.23-19.29.17:048][976]LogModuleManager: Shutting down and abandoning module ClassViewer (122)
[2014.07.23-19.29.17:048][976]LogModuleManager: Shutting down and abandoning module Toolbox (121)
[2014.07.23-19.29.17:048][976]LogModuleManager: Shutting down and abandoning module ModuleUI (120)
[2014.07.23-19.29.17:048][976]LogModuleManager: Shutting down and abandoning module Sequencer (119)
[2014.07.23-19.29.17:048][976]LogModuleManager: Shutting down and abandoning module MovieSceneTools (118)
[2014.07.23-19.29.17:048][976]LogModuleManager: Shutting down and abandoning module OutputLog (117)
[2014.07.23-19.29.17:048][976]LogModuleManager: Shutting down and abandoning module GammaUI (116)
[2014.07.23-19.29.17:048][976]LogModuleManager: Shutting down and abandoning module Documentation (115)
[2014.07.23-19.29.17:048][976]LogModuleManager: Shutting down and abandoning module StreamingPauseRendering (114)
[2014.07.23-19.29.17:048][976]LogModuleManager: Shutting down and abandoning module AnalyticsET (113)
[2014.07.23-19.29.17:048][976]LogModuleManager: Shutting down and abandoning module Analytics (112)
[2014.07.23-19.29.17:048][976]LogModuleManager: Shutting down and abandoning module GameplayDebugger (111)
[2014.07.23-19.29.17:048][976]LogModuleManager: Shutting down and abandoning module AIModule (110)
[2014.07.23-19.29.17:048][976]LogModuleManager: Shutting down and abandoning module ProfilerService (109)
[2014.07.23-19.29.17:192][976]LogModuleManager: Shutting down and abandoning module TaskGraph (108)
[2014.07.23-19.29.17:192][976]LogModuleManager: Shutting down and abandoning module ViewportSnapping (107)
[2014.07.23-19.29.17:192][976]LogModuleManager: Shutting down and abandoning module GameProjectGeneration (106)
[2014.07.23-19.29.17:192][976]LogModuleManager: Shutting down and abandoning module Matinee (105)
[2014.07.23-19.29.17:192][976]LogModuleManager: Shutting down and abandoning module Kismet (104)
[2014.07.23-19.29.17:192][976]LogModuleManager: Shutting down and abandoning module SlateReflector (103)
[2014.07.23-19.29.17:192][976]LogModuleManager: Shutting down and abandoning module LevelEditor (102)
[2014.07.23-19.29.17:193][976]LogModuleManager: Shutting down and abandoning module IntroTutorials (101)
[2014.07.23-19.29.17:193][976]LogModuleManager: Shutting down and abandoning module ContentBrowser (100)
[2014.07.23-19.29.17:193][976]LogModuleManager: Shutting down and abandoning module PropertyEditor (99)
[2014.07.23-19.29.17:193][976]LogModuleManager: Shutting down and abandoning module AssetTools (98)
[2014.07.23-19.29.17:193][976]LogModuleManager: Shutting down and abandoning module MainFrame (97)
[2014.07.23-19.29.17:193][976]LogModuleManager: Shutting down and abandoning module SourceControl (96)
[2014.07.23-19.29.17:193][976]LogModuleManager: Shutting down and abandoning module ImageWrapper (95)
[2014.07.23-19.29.17:193][976]LogModuleManager: Shutting down and abandoning module OnlineBlueprintSupport (94)
[2014.07.23-19.29.17:193][976]LogModuleManager: Shutting down and abandoning module FunctionalTesting (93)
[2014.07.23-19.29.17:193][976]LogModuleManager: Shutting down and abandoning module CollisionAnalyzer (92)
[2014.07.23-19.29.17:193][976]LogModuleManager: Shutting down and abandoning module WorkspaceMenuStructure (91)
[2014.07.23-19.29.17:193][976]LogModuleManager: Shutting down and abandoning module MessageLog (90)
[2014.07.23-19.29.17:193][976]LogModuleManager: Shutting down and abandoning module Slate (89)
[2014.07.23-19.29.17:193][976]LogModuleManager: Shutting down and abandoning module EditorStyle (88)
[2014.07.23-19.29.17:194][976]LogModuleManager: Shutting down and abandoning module SessionServices (87)
[2014.07.23-19.29.17:194][976]LogModuleManager: Shutting down and abandoning module SourceCodeAccess (86)
[2014.07.23-19.29.17:194][976]LogModuleManager: Shutting down and abandoning module HeadMountedDisplay (85)
[2014.07.23-19.29.17:194][976]LogModuleManager: Shutting down and abandoning module XAudio2 (84)
[2014.07.23-19.29.17:194][976]LogModuleManager: Shutting down and abandoning module Networking (82)
[2014.07.23-19.29.17:194][976]LogModuleManager: Shutting down and abandoning module Core (81)
[2014.07.23-19.29.17:194][976]LogModuleManager: Shutting down and abandoning module KismetCompiler (80)
[2014.07.23-19.29.17:194][976]LogModuleManager: Shutting down and abandoning module PhysXFormats (79)
[2014.07.23-19.29.17:195][976]LogModuleManager: Shutting down and abandoning module MeshUtilities (78)
[2014.07.23-19.29.17:195][976]LogModuleManager: Shutting down and abandoning module DerivedDataCache (77)
[2014.07.23-19.29.17:281][976]LogDerivedDataCache: Shutdown
[2014.07.23-19.29.17:281][976]LogModuleManager: Shutting down and abandoning module ShaderFormatOpenGL (76)
[2014.07.23-19.29.17:281][976]LogModuleManager: Shutting down and abandoning module ShaderFormatD3D (75)
[2014.07.23-19.29.17:281][976]LogModuleManager: Shutting down and abandoning module MetalShaderFormat (74)
[2014.07.23-19.29.17:281][976]LogModuleManager: Shutting down and abandoning module TextureFormatUncompressed (73)
[2014.07.23-19.29.17:281][976]LogModuleManager: Shutting down and abandoning module TextureFormatPVR (72)
[2014.07.23-19.29.17:281][976]LogModuleManager: Shutting down and abandoning module TextureFormatDXT (71)
[2014.07.23-19.29.17:281][976]LogModuleManager: Shutting down and abandoning module TextureFormatAndroid (70)
[2014.07.23-19.29.17:281][976]LogModuleManager: Shutting down and abandoning module AudioFormatOpus (69)
[2014.07.23-19.29.17:281][976]LogModuleManager: Shutting down and abandoning module AudioFormatOgg (68)
[2014.07.23-19.29.17:281][976]LogModuleManager: Shutting down and abandoning module AudioFormatADPCM (67)
[2014.07.23-19.29.17:281][976]LogModuleManager: Shutting down and abandoning module Messaging (66)
[2014.07.23-19.29.17:281][976]LogModuleManager: Shutting down and abandoning module IOSTargetPlatform (65)
[2014.07.23-19.29.17:281][976]LogModuleManager: Shutting down and abandoning module Android_PVRTCTargetPlatform (64)
[2014.07.23-19.29.17:281][976]LogModuleManager: Shutting down and abandoning module Android_ETC2TargetPlatform (63)
[2014.07.23-19.29.17:281][976]LogModuleManager: Shutting down and abandoning module Android_ETC1TargetPlatform (62)
[2014.07.23-19.29.17:281][976]LogModuleManager: Shutting down and abandoning module Android_DXTTargetPlatform (61)
[2014.07.23-19.29.17:281][976]LogModuleManager: Shutting down and abandoning module Android_ATCTargetPlatform (60)
[2014.07.23-19.29.17:281][976]LogModuleManager: Shutting down and abandoning module AndroidTargetPlatform (59)
[2014.07.23-19.29.17:281][976]LogModuleManager: Shutting down and abandoning module WindowsTargetPlatform (58)
[2014.07.23-19.29.17:281][976]LogModuleManager: Shutting down and abandoning module WindowsServerTargetPlatform (57)
[2014.07.23-19.29.17:281][976]LogModuleManager: Shutting down and abandoning module WindowsNoEditorTargetPlatform (56)
[2014.07.23-19.29.17:281][976]LogModuleManager: Shutting down and abandoning module WindowsClientTargetPlatform (55)
[2014.07.23-19.29.17:281][976]LogModuleManager: Shutting down and abandoning module TargetPlatform (54)
[2014.07.23-19.29.17:281][976]LogModuleManager: Shutting down and abandoning module InputCore (53)
[2014.07.23-19.29.17:281][976]LogModuleManager: Shutting down and abandoning module Settings (52)
[2014.07.23-19.29.17:281][976]LogModuleManager: Shutting down and abandoning module TextureCompressor (49)
[2014.07.23-19.29.17:281][976]LogModuleManager: Shutting down and abandoning module ShaderCore (48)
[2014.07.23-19.29.17:281][976]LogModuleManager: Shutting down and abandoning module OpenGLDrv (47)
[2014.07.23-19.29.17:281][976]LogModuleManager: Shutting down and abandoning module D3D11RHI (46)
[2014.07.23-19.29.17:281][976]LogModuleManager: Shutting down and abandoning module SlateRHIRenderer (45)
[2014.07.23-19.29.17:281][976]LogModuleManager: Shutting down and abandoning module Renderer (44)
[2014.07.23-19.29.17:281][976]LogModuleManager: Shutting down and abandoning module Engine (43)
[2014.07.23-19.29.17:281][976]LogModuleManager: Shutting down and abandoning module SlateRemote (42)
[2014.07.23-19.29.17:281][976]LogModuleManager: Shutting down and abandoning module ScriptPlugin (41)
[2014.07.23-19.29.17:281][976]LogModuleManager: Shutting down and abandoning module ScriptEditorPlugin (39)
[2014.07.23-19.29.17:281][976]LogModuleManager: Shutting down and abandoning module WindowsMoviePlayer (38)
[2014.07.23-19.29.17:284][976]LogModuleManager: Shutting down and abandoning module ExampleDeviceProfileSelector (31)
[2014.07.23-19.29.17:284][976]LogModuleManager: Shutting down and abandoning module CustomMeshComponent (30)
[2014.07.23-19.29.17:284][976]LogModuleManager: Shutting down and abandoning module CableComponent (29)
[2014.07.23-19.29.17:284][976]LogModuleManager: Shutting down and abandoning module OculusRift (25)
[2014.07.23-19.29.17:284][976]LogModuleManager: Shutting down and abandoning module UdpMessaging (24)
[2014.07.23-19.29.17:384][976]LogModuleManager: Shutting down and abandoning module MessagingDebugger (23)
[2014.07.23-19.29.17:384][976]LogModuleManager: Shutting down and abandoning module SmartSnapping (21)
[2014.07.23-19.29.17:384][976]LogModuleManager: Shutting down and abandoning module PaperJsonImporter (20)
[2014.07.23-19.29.17:384][976]LogModuleManager: Shutting down and abandoning module Paper2DEditor (19)
[2014.07.23-19.29.17:384][976]LogModuleManager: Shutting down and abandoning module Paper2D (18)
[2014.07.23-19.29.17:384][976]LogModuleManager: Shutting down and abandoning module SpeedTreeImporter (14)
[2014.07.23-19.29.17:384][976]LogModuleManager: Shutting down and abandoning module PluginsEditor (13)
[2014.07.23-19.29.17:384][976]LogModuleManager: Shutting down and abandoning module EpicSurvey (12)
[2014.07.23-19.29.17:384][976]LogModuleManager: Shutting down and abandoning module VisualStudioSourceCodeAccess (10)
[2014.07.23-19.29.17:384][976]LogModuleManager: Shutting down and abandoning module UObjectPlugin (9)
[2014.07.23-19.29.17:384][976]LogModuleManager: Shutting down and abandoning module SubversionSourceControl (8)
[2014.07.23-19.29.17:384][976]LogModuleManager: Shutting down and abandoning module PerforceSourceControl (7)
[2014.07.23-19.29.17:384][976]LogModuleManager: Shutting down and abandoning module BlankPlugin (6)
[2014.07.23-19.29.17:384][976]LogModuleManager: Shutting down and abandoning module CoreUObject (5)
[2014.07.23-19.29.17:384][976]LogModuleManager: Shutting down and abandoning module NetworkFile (4)
[2014.07.23-19.29.17:384][976]LogModuleManager: Shutting down and abandoning module StreamingFile (3)
[2014.07.23-19.29.17:384][976]LogModuleManager: Shutting down and abandoning module SandboxFile (2)
[2014.07.23-19.29.17:384][976]LogModuleManager: Shutting down and abandoning module PakFile (1)
[2014.07.23-19.29.17:385][976]LogExit: Exiting.
[2014.07.23-19.29.17:391][976]Log file closed, 07/23/14 14:29:17
